\BOOKMARK [0][]{chapter.1}{Einleitung}{}% 1
\BOOKMARK [1][]{section.1.1}{Einf\374hrung in das Themengebiet}{chapter.1}% 2
\BOOKMARK [1][]{section.1.2}{Fragestellungen}{chapter.1}% 3
\BOOKMARK [1][]{section.1.3}{Beschreibung des Demonstrators}{chapter.1}% 4
\BOOKMARK [1][]{section.1.4}{Gliederung der Arbeit}{chapter.1}% 5
\BOOKMARK [0][]{chapter.2}{Grundlagen}{}% 6
\BOOKMARK [0][]{chapter.3}{Stand der Technik}{}% 7
\BOOKMARK [0][]{chapter.4}{Umsetzung des Demonstrators}{}% 8
\BOOKMARK [1][]{section.4.1}{Beschreibung der Docker-basierten CI/CD-Pipeline}{chapter.4}% 9
\BOOKMARK [1][]{section.4.2}{Beschreibung der Kubernetes-basierten CI/CD-Pipeline}{chapter.4}% 10
\BOOKMARK [1][]{section.4.3}{Verteilung der TLM-Demo in einem lokalen Kubernetes-Cluster}{chapter.4}% 11
\BOOKMARK [1][]{section.4.4}{Verteilung der TLM-Demo in einem realen Kubernetes-Cluster}{chapter.4}% 12
\BOOKMARK [0][]{chapter.5}{Projektteam-Arbeiten}{}% 13
\BOOKMARK [1][]{section.5.1}{Zusammensetzung der Projektteams}{chapter.5}% 14
\BOOKMARK [1][]{section.5.2}{Projektthema}{chapter.5}% 15
\BOOKMARK [0][]{chapter.6}{Skalierung von Microservices}{}% 16
\BOOKMARK [1][]{section.6.1}{Skalierbarkeitsaspekte}{chapter.6}% 17
\BOOKMARK [1][]{section.6.2}{Implementierung der TLM-Demo in Go}{chapter.6}% 18
\BOOKMARK [1][]{section.6.3}{Vergleich zwischen einem Java- und Go-basierten Microservice}{chapter.6}% 19
\BOOKMARK [0][]{chapter.7}{\304nderungen am C\046M-Entwicklungsprozess}{}% 20
\BOOKMARK [0][]{chapter.8}{Praxisaufgabe}{}% 21
\BOOKMARK [0][]{chapter.9}{Fazit}{}% 22
\BOOKMARK [1][]{section.9.1}{Zusammenfassung}{chapter.9}% 23
\BOOKMARK [1][]{section.9.2}{Ausblick}{chapter.9}% 24
\BOOKMARK [0][]{chapter.10}{Anhang}{}% 25
\BOOKMARK [1][]{section.10.1}{Abk\374rzungsverzeichnis}{chapter.10}% 26
\BOOKMARK [1][]{section.10.2}{Abbildungsverzeichnis}{chapter.10}% 27
\BOOKMARK [1][]{section.10.3}{Tabellenverzeichnis}{chapter.10}% 28
\BOOKMARK [1][]{section.10.4}{Quelltextverzeichnis}{chapter.10}% 29
\BOOKMARK [1][]{section.10.5}{Literaturanalysen}{chapter.10}% 30
\BOOKMARK [1][]{section.10.6}{Literaturverzeichnis}{chapter.10}% 31
